2014/04/09 03:41:14 [error] [exception.CHttpException.404] exception 'CHttpException' with message 'The system is unable to find the requested action "index123132".' in L:\home\skydoor.net\www\framework\web\CController.php:483
Stack trace:
#0 L:\home\skydoor.net\www\framework\web\CController.php(270): CController->missingAction('index123132')
#1 L:\home\skydoor.net\www\framework\web\CWebApplication.php(282): CController->run('index123132')
#2 L:\home\skydoor.net\www\framework\web\CWebApplication.php(141): CWebApplication->runController('site/index12313...')
#3 L:\home\skydoor.net\www\framework\base\CApplication.php(180): CWebApplication->processRequest()
#4 L:\home\skydoor.net\www\index.php(13): CApplication->run()
#5 {main}
REQUEST_URI=/index.php?r=site/index123132
---
2014/04/09 04:58:19 [error] [exception.CException] exception 'CException' with message 'SiteController cannot find the requested view "main".' in L:\home\skydoor.net\www\framework\web\CController.php:878
Stack trace:
#0 L:\home\skydoor.net\www\framework\web\CController.php(782): CController->renderPartial('main', NULL, true)
#1 L:\home\skydoor.net\www\protected\controllers\SiteController.php(32): CController->render('main')
#2 L:\home\skydoor.net\www\framework\web\actions\CInlineAction.php(49): SiteController->actionIndex()
#3 L:\home\skydoor.net\www\framework\web\CController.php(308): CInlineAction->runWithParams(Array)
#4 L:\home\skydoor.net\www\framework\web\CController.php(286): CController->runAction(Object(CInlineAction))
#5 L:\home\skydoor.net\www\framework\web\CController.php(265): CController->runActionWithFilters(Object(CInlineAction), Array)
#6 L:\home\skydoor.net\www\framework\web\CWebApplication.php(282): CController->run('')
#7 L:\home\skydoor.net\www\framework\web\CWebApplication.php(141): CWebApplication->runController('')
#8 L:\home\skydoor.net\www\framework\base\CApplication.php(180): CWebApplication->processRequest()
#9 L:\home\skydoor.net\www\index.php(13): CApplication->run()
#10 {main}
REQUEST_URI=/
---
2014/04/09 05:05:26 [error] [exception.CException] exception 'CException' with message 'SiteController cannot find the requested view "main".' in L:\home\skydoor.net\www\framework\web\CController.php:878
Stack trace:
#0 L:\home\skydoor.net\www\framework\web\CController.php(782): CController->renderPartial('main', 'index', true)
#1 L:\home\skydoor.net\www\protected\controllers\SiteController.php(32): CController->render('main', 'index')
#2 L:\home\skydoor.net\www\framework\web\actions\CInlineAction.php(49): SiteController->actionIndex()
#3 L:\home\skydoor.net\www\framework\web\CController.php(308): CInlineAction->runWithParams(Array)
#4 L:\home\skydoor.net\www\framework\web\CController.php(286): CController->runAction(Object(CInlineAction))
#5 L:\home\skydoor.net\www\framework\web\CController.php(265): CController->runActionWithFilters(Object(CInlineAction), Array)
#6 L:\home\skydoor.net\www\framework\web\CWebApplication.php(282): CController->run('')
#7 L:\home\skydoor.net\www\framework\web\CWebApplication.php(141): CWebApplication->runController('')
#8 L:\home\skydoor.net\www\framework\base\CApplication.php(180): CWebApplication->processRequest()
#9 L:\home\skydoor.net\www\index.php(13): CApplication->run()
#10 {main}
REQUEST_URI=/
---
2014/04/09 05:05:27 [error] [exception.CException] exception 'CException' with message 'SiteController cannot find the requested view "main".' in L:\home\skydoor.net\www\framework\web\CController.php:878
Stack trace:
#0 L:\home\skydoor.net\www\framework\web\CController.php(782): CController->renderPartial('main', 'index', true)
#1 L:\home\skydoor.net\www\protected\controllers\SiteController.php(32): CController->render('main', 'index')
#2 L:\home\skydoor.net\www\framework\web\actions\CInlineAction.php(49): SiteController->actionIndex()
#3 L:\home\skydoor.net\www\framework\web\CController.php(308): CInlineAction->runWithParams(Array)
#4 L:\home\skydoor.net\www\framework\web\CController.php(286): CController->runAction(Object(CInlineAction))
#5 L:\home\skydoor.net\www\framework\web\CController.php(265): CController->runActionWithFilters(Object(CInlineAction), Array)
#6 L:\home\skydoor.net\www\framework\web\CWebApplication.php(282): CController->run('')
#7 L:\home\skydoor.net\www\framework\web\CWebApplication.php(141): CWebApplication->runController('')
#8 L:\home\skydoor.net\www\framework\base\CApplication.php(180): CWebApplication->processRequest()
#9 L:\home\skydoor.net\www\index.php(13): CApplication->run()
#10 {main}
REQUEST_URI=/
---
2014/04/09 05:06:43 [error] [exception.CException] exception 'CException' with message 'SiteController cannot find the requested view "main".' in L:\home\skydoor.net\www\framework\web\CController.php:878
Stack trace:
#0 L:\home\skydoor.net\www\protected\controllers\SiteController.php(32): CController->renderPartial('main')
#1 L:\home\skydoor.net\www\framework\web\actions\CInlineAction.php(49): SiteController->actionIndex()
#2 L:\home\skydoor.net\www\framework\web\CController.php(308): CInlineAction->runWithParams(Array)
#3 L:\home\skydoor.net\www\framework\web\CController.php(286): CController->runAction(Object(CInlineAction))
#4 L:\home\skydoor.net\www\framework\web\CController.php(265): CController->runActionWithFilters(Object(CInlineAction), Array)
#5 L:\home\skydoor.net\www\framework\web\CWebApplication.php(282): CController->run('')
#6 L:\home\skydoor.net\www\framework\web\CWebApplication.php(141): CWebApplication->runController('')
#7 L:\home\skydoor.net\www\framework\base\CApplication.php(180): CWebApplication->processRequest()
#8 L:\home\skydoor.net\www\index.php(13): CApplication->run()
#9 {main}
REQUEST_URI=/
---
2014/04/09 05:29:01 [error] [exception.CHttpException.404] exception 'CHttpException' with message 'Unable to resolve the request "gii/model".' in L:\home\skydoor.net\www\framework\web\CWebApplication.php:286
Stack trace:
#0 L:\home\skydoor.net\www\framework\web\CWebApplication.php(141): CWebApplication->runController('gii/model')
#1 L:\home\skydoor.net\www\framework\base\CApplication.php(180): CWebApplication->processRequest()
#2 L:\home\skydoor.net\www\index.php(13): CApplication->run()
#3 {main}
REQUEST_URI=/index.php?r=gii/model
---
2014/04/09 05:44:45 [error] [exception.CHttpException.404] exception 'CHttpException' with message 'The requested view "123" was not found.' in L:\home\skydoor.net\www\framework\web\actions\CViewAction.php:112
Stack trace:
#0 L:\home\skydoor.net\www\framework\web\actions\CViewAction.php(123): CViewAction->resolveView('123')
#1 L:\home\skydoor.net\www\framework\web\actions\CAction.php(76): CViewAction->run()
#2 L:\home\skydoor.net\www\framework\web\CController.php(308): CAction->runWithParams(Array)
#3 L:\home\skydoor.net\www\framework\web\CController.php(286): CController->runAction(Object(CViewAction))
#4 L:\home\skydoor.net\www\framework\web\CController.php(265): CController->runActionWithFilters(Object(CViewAction), Array)
#5 L:\home\skydoor.net\www\framework\web\CWebApplication.php(282): CController->run('page')
#6 L:\home\skydoor.net\www\framework\web\CWebApplication.php(141): CWebApplication->runController('site/page')
#7 L:\home\skydoor.net\www\framework\base\CApplication.php(180): CWebApplication->processRequest()
#8 L:\home\skydoor.net\www\index.php(13): CApplication->run()
#9 {main}
REQUEST_URI=/index.php?r=site/page&view=123
---
2014/04/09 05:45:00 [error] [exception.CHttpException.404] exception 'CHttpException' with message 'Unable to resolve the request "generator".' in L:\home\skydoor.net\www\framework\web\CWebApplication.php:286
Stack trace:
#0 L:\home\skydoor.net\www\framework\web\CWebApplication.php(141): CWebApplication->runController('generator')
#1 L:\home\skydoor.net\www\framework\base\CApplication.php(180): CWebApplication->processRequest()
#2 L:\home\skydoor.net\www\index.php(13): CApplication->run()
#3 {main}
REQUEST_URI=/index.php?r=generator
---
2014/04/09 05:46:01 [error] [exception.CHttpException.404] exception 'CHttpException' with message 'Unable to resolve the request "generator".' in L:\home\skydoor.net\www\framework\web\CWebApplication.php:286
Stack trace:
#0 L:\home\skydoor.net\www\framework\web\CWebApplication.php(141): CWebApplication->runController('generator')
#1 L:\home\skydoor.net\www\framework\base\CApplication.php(180): CWebApplication->processRequest()
#2 L:\home\skydoor.net\www\index.php(13): CApplication->run()
#3 {main}
REQUEST_URI=/index.php?r=generator
---
2014/04/09 05:46:02 [error] [exception.CHttpException.404] exception 'CHttpException' with message 'Unable to resolve the request "generator".' in L:\home\skydoor.net\www\framework\web\CWebApplication.php:286
Stack trace:
#0 L:\home\skydoor.net\www\framework\web\CWebApplication.php(141): CWebApplication->runController('generator')
#1 L:\home\skydoor.net\www\framework\base\CApplication.php(180): CWebApplication->processRequest()
#2 L:\home\skydoor.net\www\index.php(13): CApplication->run()
#3 {main}
REQUEST_URI=/index.php?r=generator
---
2014/04/09 05:46:33 [error] [exception.CHttpException.404] exception 'CHttpException' with message 'Unable to resolve the request "generator".' in L:\home\skydoor.net\www\framework\web\CWebApplication.php:286
Stack trace:
#0 L:\home\skydoor.net\www\framework\web\CWebApplication.php(141): CWebApplication->runController('generator')
#1 L:\home\skydoor.net\www\framework\base\CApplication.php(180): CWebApplication->processRequest()
#2 L:\home\skydoor.net\www\index.php(13): CApplication->run()
#3 {main}
REQUEST_URI=/index.php?r=generator
---
2014/04/09 05:48:01 [error] [exception.CHttpException.404] exception 'CHttpException' with message 'Unable to resolve the request "generator".' in L:\home\skydoor.net\www\framework\web\CWebApplication.php:286
Stack trace:
#0 L:\home\skydoor.net\www\framework\web\CWebApplication.php(141): CWebApplication->runController('generator')
#1 L:\home\skydoor.net\www\framework\base\CApplication.php(180): CWebApplication->processRequest()
#2 L:\home\skydoor.net\www\index.php(13): CApplication->run()
#3 {main}
REQUEST_URI=/index.php?r=generator
---
2014/04/09 05:48:02 [error] [exception.CHttpException.404] exception 'CHttpException' with message 'Unable to resolve the request "generator".' in L:\home\skydoor.net\www\framework\web\CWebApplication.php:286
Stack trace:
#0 L:\home\skydoor.net\www\framework\web\CWebApplication.php(141): CWebApplication->runController('generator')
#1 L:\home\skydoor.net\www\framework\base\CApplication.php(180): CWebApplication->processRequest()
#2 L:\home\skydoor.net\www\index.php(13): CApplication->run()
#3 {main}
REQUEST_URI=/index.php?r=generator
---
2014/04/09 05:49:29 [error] [exception.CHttpException.404] exception 'CHttpException' with message 'Unable to resolve the request "generator".' in L:\home\skydoor.net\www\framework\web\CWebApplication.php:286
Stack trace:
#0 L:\home\skydoor.net\www\framework\web\CWebApplication.php(141): CWebApplication->runController('generator')
#1 L:\home\skydoor.net\www\framework\base\CApplication.php(180): CWebApplication->processRequest()
#2 L:\home\skydoor.net\www\index.php(13): CApplication->run()
#3 {main}
REQUEST_URI=/index.php?r=generator
---
2014/04/09 05:50:19 [error] [php] include(Generator.php) [<a href='function.include'>function.include</a>]: failed to open stream: No such file or directory (L:\home\skydoor.net\www\framework\YiiBase.php:427)
Stack trace:
#0 L:\home\skydoor.net\www\protected\controllers\SiteController.php(33): spl_autoload_call()
#1 L:\home\skydoor.net\www\framework\web\actions\CInlineAction.php(49): SiteController->actionIndex()
#2 L:\home\skydoor.net\www\framework\web\CController.php(308): CInlineAction->runWithParams()
#3 L:\home\skydoor.net\www\framework\web\CController.php(286): SiteController->runAction()
#4 L:\home\skydoor.net\www\framework\web\CController.php(265): SiteController->runActionWithFilters()
#5 L:\home\skydoor.net\www\framework\web\CWebApplication.php(282): SiteController->run()
#6 L:\home\skydoor.net\www\framework\web\CWebApplication.php(141): CWebApplication->runController()
#7 L:\home\skydoor.net\www\framework\base\CApplication.php(180): CWebApplication->processRequest()
#8 L:\home\skydoor.net\www\index.php(13): CWebApplication->run()
REQUEST_URI=/
in L:\home\skydoor.net\www\protected\controllers\SiteController.php (33)
in L:\home\skydoor.net\www\index.php (13)
2014/04/09 05:53:58 [error] [php] include(Site.php) [<a href='function.include'>function.include</a>]: failed to open stream: No such file or directory (L:\home\skydoor.net\www\framework\YiiBase.php:427)
Stack trace:
#0 L:\home\skydoor.net\www\protected\controllers\SiteController.php(33): spl_autoload_call()
#1 L:\home\skydoor.net\www\framework\web\actions\CInlineAction.php(49): SiteController->actionIndex()
#2 L:\home\skydoor.net\www\framework\web\CController.php(308): CInlineAction->runWithParams()
#3 L:\home\skydoor.net\www\framework\web\CController.php(286): SiteController->runAction()
#4 L:\home\skydoor.net\www\framework\web\CController.php(265): SiteController->runActionWithFilters()
#5 L:\home\skydoor.net\www\framework\web\CWebApplication.php(282): SiteController->run()
#6 L:\home\skydoor.net\www\framework\web\CWebApplication.php(141): CWebApplication->runController()
#7 L:\home\skydoor.net\www\framework\base\CApplication.php(180): CWebApplication->processRequest()
#8 L:\home\skydoor.net\www\index.php(13): CWebApplication->run()
REQUEST_URI=/
in L:\home\skydoor.net\www\protected\controllers\SiteController.php (33)
in L:\home\skydoor.net\www\index.php (13)
2014/04/09 05:53:59 [error] [php] include(Site.php) [<a href='function.include'>function.include</a>]: failed to open stream: No such file or directory (L:\home\skydoor.net\www\framework\YiiBase.php:427)
Stack trace:
#0 L:\home\skydoor.net\www\protected\controllers\SiteController.php(33): spl_autoload_call()
#1 L:\home\skydoor.net\www\framework\web\actions\CInlineAction.php(49): SiteController->actionIndex()
#2 L:\home\skydoor.net\www\framework\web\CController.php(308): CInlineAction->runWithParams()
#3 L:\home\skydoor.net\www\framework\web\CController.php(286): SiteController->runAction()
#4 L:\home\skydoor.net\www\framework\web\CController.php(265): SiteController->runActionWithFilters()
#5 L:\home\skydoor.net\www\framework\web\CWebApplication.php(282): SiteController->run()
#6 L:\home\skydoor.net\www\framework\web\CWebApplication.php(141): CWebApplication->runController()
#7 L:\home\skydoor.net\www\framework\base\CApplication.php(180): CWebApplication->processRequest()
#8 L:\home\skydoor.net\www\index.php(13): CWebApplication->run()
REQUEST_URI=/
in L:\home\skydoor.net\www\protected\controllers\SiteController.php (33)
in L:\home\skydoor.net\www\index.php (13)
2014/04/09 06:01:17 [error] [php] include(protected/models/Site.php) [<a href='function.include'>function.include</a>]: failed to open stream: No such file or directory (L:\home\skydoor.net\www\protected\controllers\SiteController.php:32)
Stack trace:
#0 L:\home\skydoor.net\www\framework\web\CController.php(308): CInlineAction->runWithParams()
#1 L:\home\skydoor.net\www\framework\web\CController.php(286): SiteController->runAction()
#2 L:\home\skydoor.net\www\framework\web\CController.php(265): SiteController->runActionWithFilters()
#3 L:\home\skydoor.net\www\framework\web\CWebApplication.php(282): SiteController->run()
#4 L:\home\skydoor.net\www\framework\web\CWebApplication.php(141): CWebApplication->runController()
#5 L:\home\skydoor.net\www\framework\base\CApplication.php(180): CWebApplication->processRequest()
#6 L:\home\skydoor.net\www\index.php(13): CWebApplication->run()
REQUEST_URI=/
in L:\home\skydoor.net\www\protected\controllers\SiteController.php (32)
in L:\home\skydoor.net\www\protected\controllers\SiteController.php (32)
in L:\home\skydoor.net\www\index.php (13)
2014/04/09 06:01:19 [error] [php] include(protected/models/Site.php) [<a href='function.include'>function.include</a>]: failed to open stream: No such file or directory (L:\home\skydoor.net\www\protected\controllers\SiteController.php:32)
Stack trace:
#0 L:\home\skydoor.net\www\framework\web\CController.php(308): CInlineAction->runWithParams()
#1 L:\home\skydoor.net\www\framework\web\CController.php(286): SiteController->runAction()
#2 L:\home\skydoor.net\www\framework\web\CController.php(265): SiteController->runActionWithFilters()
#3 L:\home\skydoor.net\www\framework\web\CWebApplication.php(282): SiteController->run()
#4 L:\home\skydoor.net\www\framework\web\CWebApplication.php(141): CWebApplication->runController()
#5 L:\home\skydoor.net\www\framework\base\CApplication.php(180): CWebApplication->processRequest()
#6 L:\home\skydoor.net\www\index.php(13): CWebApplication->run()
REQUEST_URI=/
in L:\home\skydoor.net\www\protected\controllers\SiteController.php (32)
in L:\home\skydoor.net\www\protected\controllers\SiteController.php (32)
in L:\home\skydoor.net\www\index.php (13)
2014/04/09 06:01:20 [error] [php] include(protected/models/Site.php) [<a href='function.include'>function.include</a>]: failed to open stream: No such file or directory (L:\home\skydoor.net\www\protected\controllers\SiteController.php:32)
Stack trace:
#0 L:\home\skydoor.net\www\framework\web\CController.php(308): CInlineAction->runWithParams()
#1 L:\home\skydoor.net\www\framework\web\CController.php(286): SiteController->runAction()
#2 L:\home\skydoor.net\www\framework\web\CController.php(265): SiteController->runActionWithFilters()
#3 L:\home\skydoor.net\www\framework\web\CWebApplication.php(282): SiteController->run()
#4 L:\home\skydoor.net\www\framework\web\CWebApplication.php(141): CWebApplication->runController()
#5 L:\home\skydoor.net\www\framework\base\CApplication.php(180): CWebApplication->processRequest()
#6 L:\home\skydoor.net\www\index.php(13): CWebApplication->run()
REQUEST_URI=/
in L:\home\skydoor.net\www\protected\controllers\SiteController.php (32)
in L:\home\skydoor.net\www\protected\controllers\SiteController.php (32)
in L:\home\skydoor.net\www\index.php (13)
2014/04/09 06:01:20 [error] [php] include(protected/models/Site.php) [<a href='function.include'>function.include</a>]: failed to open stream: No such file or directory (L:\home\skydoor.net\www\protected\controllers\SiteController.php:32)
Stack trace:
#0 L:\home\skydoor.net\www\framework\web\CController.php(308): CInlineAction->runWithParams()
#1 L:\home\skydoor.net\www\framework\web\CController.php(286): SiteController->runAction()
#2 L:\home\skydoor.net\www\framework\web\CController.php(265): SiteController->runActionWithFilters()
#3 L:\home\skydoor.net\www\framework\web\CWebApplication.php(282): SiteController->run()
#4 L:\home\skydoor.net\www\framework\web\CWebApplication.php(141): CWebApplication->runController()
#5 L:\home\skydoor.net\www\framework\base\CApplication.php(180): CWebApplication->processRequest()
#6 L:\home\skydoor.net\www\index.php(13): CWebApplication->run()
REQUEST_URI=/
in L:\home\skydoor.net\www\protected\controllers\SiteController.php (32)
in L:\home\skydoor.net\www\protected\controllers\SiteController.php (32)
in L:\home\skydoor.net\www\index.php (13)
2014/04/09 06:01:21 [error] [php] include(protected/models/Site.php) [<a href='function.include'>function.include</a>]: failed to open stream: No such file or directory (L:\home\skydoor.net\www\protected\controllers\SiteController.php:32)
Stack trace:
#0 L:\home\skydoor.net\www\framework\web\CController.php(308): CInlineAction->runWithParams()
#1 L:\home\skydoor.net\www\framework\web\CController.php(286): SiteController->runAction()
#2 L:\home\skydoor.net\www\framework\web\CController.php(265): SiteController->runActionWithFilters()
#3 L:\home\skydoor.net\www\framework\web\CWebApplication.php(282): SiteController->run()
#4 L:\home\skydoor.net\www\framework\web\CWebApplication.php(141): CWebApplication->runController()
#5 L:\home\skydoor.net\www\framework\base\CApplication.php(180): CWebApplication->processRequest()
#6 L:\home\skydoor.net\www\index.php(13): CWebApplication->run()
REQUEST_URI=/
in L:\home\skydoor.net\www\protected\controllers\SiteController.php (32)
in L:\home\skydoor.net\www\protected\controllers\SiteController.php (32)
in L:\home\skydoor.net\www\index.php (13)
2014/04/09 06:01:21 [error] [php] include(protected/models/Site.php) [<a href='function.include'>function.include</a>]: failed to open stream: No such file or directory (L:\home\skydoor.net\www\protected\controllers\SiteController.php:32)
Stack trace:
#0 L:\home\skydoor.net\www\framework\web\CController.php(308): CInlineAction->runWithParams()
#1 L:\home\skydoor.net\www\framework\web\CController.php(286): SiteController->runAction()
#2 L:\home\skydoor.net\www\framework\web\CController.php(265): SiteController->runActionWithFilters()
#3 L:\home\skydoor.net\www\framework\web\CWebApplication.php(282): SiteController->run()
#4 L:\home\skydoor.net\www\framework\web\CWebApplication.php(141): CWebApplication->runController()
#5 L:\home\skydoor.net\www\framework\base\CApplication.php(180): CWebApplication->processRequest()
#6 L:\home\skydoor.net\www\index.php(13): CWebApplication->run()
REQUEST_URI=/
in L:\home\skydoor.net\www\protected\controllers\SiteController.php (32)
in L:\home\skydoor.net\www\protected\controllers\SiteController.php (32)
in L:\home\skydoor.net\www\index.php (13)
2014/04/09 06:03:03 [error] [php] include(Site.php) [<a href='function.include'>function.include</a>]: failed to open stream: No such file or directory (L:\home\skydoor.net\www\framework\YiiBase.php:427)
Stack trace:
#0 L:\home\skydoor.net\www\protected\controllers\SiteController.php(34): spl_autoload_call()
#1 L:\home\skydoor.net\www\framework\web\actions\CInlineAction.php(49): SiteController->actionIndex()
#2 L:\home\skydoor.net\www\framework\web\CController.php(308): CInlineAction->runWithParams()
#3 L:\home\skydoor.net\www\framework\web\CController.php(286): SiteController->runAction()
#4 L:\home\skydoor.net\www\framework\web\CController.php(265): SiteController->runActionWithFilters()
#5 L:\home\skydoor.net\www\framework\web\CWebApplication.php(282): SiteController->run()
#6 L:\home\skydoor.net\www\framework\web\CWebApplication.php(141): CWebApplication->runController()
#7 L:\home\skydoor.net\www\framework\base\CApplication.php(180): CWebApplication->processRequest()
#8 L:\home\skydoor.net\www\index.php(13): CWebApplication->run()
REQUEST_URI=/
in L:\home\skydoor.net\www\protected\controllers\SiteController.php (34)
in L:\home\skydoor.net\www\index.php (13)
2014/04/09 06:05:01 [error] [php] include(Site.php) [<a href='function.include'>function.include</a>]: failed to open stream: No such file or directory (L:\home\skydoor.net\www\framework\YiiBase.php:427)
Stack trace:
#0 L:\home\skydoor.net\www\protected\controllers\SiteController.php(34): spl_autoload_call()
#1 L:\home\skydoor.net\www\framework\web\actions\CInlineAction.php(49): SiteController->actionIndex()
#2 L:\home\skydoor.net\www\framework\web\CController.php(308): CInlineAction->runWithParams()
#3 L:\home\skydoor.net\www\framework\web\CController.php(286): SiteController->runAction()
#4 L:\home\skydoor.net\www\framework\web\CController.php(265): SiteController->runActionWithFilters()
#5 L:\home\skydoor.net\www\framework\web\CWebApplication.php(282): SiteController->run()
#6 L:\home\skydoor.net\www\framework\web\CWebApplication.php(141): CWebApplication->runController()
#7 L:\home\skydoor.net\www\framework\base\CApplication.php(180): CWebApplication->processRequest()
#8 L:\home\skydoor.net\www\index.php(13): CWebApplication->run()
REQUEST_URI=/
in L:\home\skydoor.net\www\protected\controllers\SiteController.php (34)
in L:\home\skydoor.net\www\index.php (13)
2014/04/09 06:06:52 [error] [php] include(Site.php) [<a href='function.include'>function.include</a>]: failed to open stream: No such file or directory (L:\home\skydoor.net\www\framework\YiiBase.php:427)
Stack trace:
#0 L:\home\skydoor.net\www\protected\controllers\SiteController.php(34): spl_autoload_call()
#1 L:\home\skydoor.net\www\framework\web\actions\CInlineAction.php(49): SiteController->actionIndex()
#2 L:\home\skydoor.net\www\framework\web\CController.php(308): CInlineAction->runWithParams()
#3 L:\home\skydoor.net\www\framework\web\CController.php(286): SiteController->runAction()
#4 L:\home\skydoor.net\www\framework\web\CController.php(265): SiteController->runActionWithFilters()
#5 L:\home\skydoor.net\www\framework\web\CWebApplication.php(282): SiteController->run()
#6 L:\home\skydoor.net\www\framework\web\CWebApplication.php(141): CWebApplication->runController()
#7 L:\home\skydoor.net\www\framework\base\CApplication.php(180): CWebApplication->processRequest()
#8 L:\home\skydoor.net\www\index.php(13): CWebApplication->run()
REQUEST_URI=/
in L:\home\skydoor.net\www\protected\controllers\SiteController.php (34)
in L:\home\skydoor.net\www\index.php (13)
2014/04/09 06:18:21 [error] [exception.CHttpException.404] exception 'CHttpException' with message 'Unable to resolve the request "gii/model".' in L:\home\skydoor.net\www\framework\web\CWebApplication.php:286
Stack trace:
#0 L:\home\skydoor.net\www\framework\web\CWebApplication.php(141): CWebApplication->runController('gii/model')
#1 L:\home\skydoor.net\www\framework\base\CApplication.php(180): CWebApplication->processRequest()
#2 L:\home\skydoor.net\www\index.php(13): CApplication->run()
#3 {main}
REQUEST_URI=/index.php?r=gii/model
---
2014/04/09 06:21:25 [error] [system.db.CDbCommand] CDbCommand::fetchAll() failed: SQLSTATE[42S02]: Base table or view not found: 1146 Table 'skydoor.site' doesn't exist. The SQL statement executed was: SHOW FULL COLUMNS FROM `Site`.
in L:\home\skydoor.net\www\protected\controllers\SiteController.php (34)
in L:\home\skydoor.net\www\index.php (13)
2014/04/09 06:21:25 [error] [exception.CDbException] exception 'CDbException' with message 'The table "Site" for active record class "Site" cannot be found in the database.' in L:\home\skydoor.net\www\framework\db\ar\CActiveRecord.php:2362
Stack trace:
#0 L:\home\skydoor.net\www\framework\db\ar\CActiveRecord.php(411): CActiveRecordMetaData->__construct(Object(Site))
#1 L:\home\skydoor.net\www\framework\db\ar\CActiveRecord.php(79): CActiveRecord->getMetaData()
#2 L:\home\skydoor.net\www\protected\controllers\SiteController.php(34): CActiveRecord->__construct()
#3 L:\home\skydoor.net\www\framework\web\actions\CInlineAction.php(49): SiteController->actionIndex()
#4 L:\home\skydoor.net\www\framework\web\CController.php(308): CInlineAction->runWithParams(Array)
#5 L:\home\skydoor.net\www\framework\web\CController.php(286): CController->runAction(Object(CInlineAction))
#6 L:\home\skydoor.net\www\framework\web\CController.php(265): CController->runActionWithFilters(Object(CInlineAction), Array)
#7 L:\home\skydoor.net\www\framework\web\CWebApplication.php(282): CController->run('')
#8 L:\home\skydoor.net\www\framework\web\CWebApplication.php(141): CWebApplication->runController('')
#9 L:\home\skydoor.net\www\framework\base\CApplication.php(180): CWebApplication->processRequest()
#10 L:\home\skydoor.net\www\index.php(13): CApplication->run()
#11 {main}
REQUEST_URI=/
---
2014/04/09 06:23:49 [error] [exception.CException] exception 'CException' with message 'Property "Links.debug" is not defined.' in L:\home\skydoor.net\www\framework\base\CComponent.php:130
Stack trace:
#0 L:\home\skydoor.net\www\framework\db\ar\CActiveRecord.php(145): CComponent->__get('debug')
#1 L:\home\skydoor.net\www\protected\controllers\SiteController.php(35): CActiveRecord->__get('debug')
#2 L:\home\skydoor.net\www\framework\web\actions\CInlineAction.php(49): SiteController->actionIndex()
#3 L:\home\skydoor.net\www\framework\web\CController.php(308): CInlineAction->runWithParams(Array)
#4 L:\home\skydoor.net\www\framework\web\CController.php(286): CController->runAction(Object(CInlineAction))
#5 L:\home\skydoor.net\www\framework\web\CController.php(265): CController->runActionWithFilters(Object(CInlineAction), Array)
#6 L:\home\skydoor.net\www\framework\web\CWebApplication.php(282): CController->run('')
#7 L:\home\skydoor.net\www\framework\web\CWebApplication.php(141): CWebApplication->runController('')
#8 L:\home\skydoor.net\www\framework\base\CApplication.php(180): CWebApplication->processRequest()
#9 L:\home\skydoor.net\www\index.php(13): CApplication->run()
#10 {main}
REQUEST_URI=/
---
2014/04/09 06:58:23 [error] [system.db.CDbCommand] CDbCommand::fetch() failed: SQLSTATE[42S22]: Column not found: 1054 Unknown column '3rjg2d' in 'where clause'. The SQL statement executed was: SELECT * FROM `links` `t` WHERE `surl`=3rjg2d LIMIT 1.
in L:\home\skydoor.net\www\protected\controllers\SiteController.php (34)
in L:\home\skydoor.net\www\index.php (13)
2014/04/09 06:58:23 [error] [exception.CDbException] exception 'CDbException' with message 'CDbCommand failed to execute the SQL statement: SQLSTATE[42S22]: Column not found: 1054 Unknown column '3rjg2d' in 'where clause'. The SQL statement executed was: SELECT * FROM `links` `t` WHERE `surl`=3rjg2d LIMIT 1' in L:\home\skydoor.net\www\framework\db\CDbCommand.php:543
Stack trace:
#0 L:\home\skydoor.net\www\framework\db\CDbCommand.php(415): CDbCommand->queryInternal('fetch', Array, Array)
#1 L:\home\skydoor.net\www\framework\db\ar\CActiveRecord.php(1351): CDbCommand->queryRow()
#2 L:\home\skydoor.net\www\framework\db\ar\CActiveRecord.php(1456): CActiveRecord->query(Object(CDbCriteria))
#3 L:\home\skydoor.net\www\protected\controllers\SiteController.php(34): CActiveRecord->find('`surl`=3rjg2d')
#4 L:\home\skydoor.net\www\framework\web\actions\CInlineAction.php(49): SiteController->actionIndex()
#5 L:\home\skydoor.net\www\framework\web\CController.php(308): CInlineAction->runWithParams(Array)
#6 L:\home\skydoor.net\www\framework\web\CController.php(286): CController->runAction(Object(CInlineAction))
#7 L:\home\skydoor.net\www\framework\web\CController.php(265): CController->runActionWithFilters(Object(CInlineAction), Array)
#8 L:\home\skydoor.net\www\framework\web\CWebApplication.php(282): CController->run('')
#9 L:\home\skydoor.net\www\framework\web\CWebApplication.php(141): CWebApplication->runController('')
#10 L:\home\skydoor.net\www\framework\base\CApplication.php(180): CWebApplication->processRequest()
#11 L:\home\skydoor.net\www\index.php(13): CApplication->run()
#12 {main}
REQUEST_URI=/3rjg2d
---
2014/04/09 06:59:34 [error] [system.db.CDbCommand] CDbCommand::fetch() failed: SQLSTATE[42S22]: Column not found: 1054 Unknown column '3rjg2d' in 'where clause'. The SQL statement executed was: SELECT * FROM `links` `t` WHERE `surl`=3rjg2d LIMIT 1.
in L:\home\skydoor.net\www\protected\controllers\SiteController.php (34)
in L:\home\skydoor.net\www\index.php (13)
2014/04/09 06:59:34 [error] [exception.CDbException] exception 'CDbException' with message 'CDbCommand failed to execute the SQL statement: SQLSTATE[42S22]: Column not found: 1054 Unknown column '3rjg2d' in 'where clause'. The SQL statement executed was: SELECT * FROM `links` `t` WHERE `surl`=3rjg2d LIMIT 1' in L:\home\skydoor.net\www\framework\db\CDbCommand.php:543
Stack trace:
#0 L:\home\skydoor.net\www\framework\db\CDbCommand.php(415): CDbCommand->queryInternal('fetch', Array, Array)
#1 L:\home\skydoor.net\www\framework\db\ar\CActiveRecord.php(1351): CDbCommand->queryRow()
#2 L:\home\skydoor.net\www\framework\db\ar\CActiveRecord.php(1456): CActiveRecord->query(Object(CDbCriteria))
#3 L:\home\skydoor.net\www\protected\controllers\SiteController.php(34): CActiveRecord->find('`surl`=3rjg2d')
#4 L:\home\skydoor.net\www\framework\web\actions\CInlineAction.php(49): SiteController->actionIndex()
#5 L:\home\skydoor.net\www\framework\web\CController.php(308): CInlineAction->runWithParams(Array)
#6 L:\home\skydoor.net\www\framework\web\CController.php(286): CController->runAction(Object(CInlineAction))
#7 L:\home\skydoor.net\www\framework\web\CController.php(265): CController->runActionWithFilters(Object(CInlineAction), Array)
#8 L:\home\skydoor.net\www\framework\web\CWebApplication.php(282): CController->run('')
#9 L:\home\skydoor.net\www\framework\web\CWebApplication.php(141): CWebApplication->runController('')
#10 L:\home\skydoor.net\www\framework\base\CApplication.php(180): CWebApplication->processRequest()
#11 L:\home\skydoor.net\www\index.php(13): CApplication->run()
#12 {main}
REQUEST_URI=/3rjg2d
---
2014/04/09 07:04:28 [error] [system.db.CDbCommand] CDbCommand::fetch() failed: SQLSTATE[42S22]: Column not found: 1054 Unknown column '3rjg2d' in 'where clause'. The SQL statement executed was: SELECT * FROM `links` `t` WHERE surl=3rjg2d LIMIT 1.
in L:\home\skydoor.net\www\protected\controllers\SiteController.php (34)
in L:\home\skydoor.net\www\index.php (13)
2014/04/09 07:04:28 [error] [exception.CDbException] exception 'CDbException' with message 'CDbCommand failed to execute the SQL statement: SQLSTATE[42S22]: Column not found: 1054 Unknown column '3rjg2d' in 'where clause'. The SQL statement executed was: SELECT * FROM `links` `t` WHERE surl=3rjg2d LIMIT 1' in L:\home\skydoor.net\www\framework\db\CDbCommand.php:543
Stack trace:
#0 L:\home\skydoor.net\www\framework\db\CDbCommand.php(415): CDbCommand->queryInternal('fetch', Array, Array)
#1 L:\home\skydoor.net\www\framework\db\ar\CActiveRecord.php(1351): CDbCommand->queryRow()
#2 L:\home\skydoor.net\www\framework\db\ar\CActiveRecord.php(1456): CActiveRecord->query(Object(CDbCriteria))
#3 L:\home\skydoor.net\www\protected\controllers\SiteController.php(34): CActiveRecord->find('surl=3rjg2d')
#4 L:\home\skydoor.net\www\framework\web\actions\CInlineAction.php(49): SiteController->actionIndex()
#5 L:\home\skydoor.net\www\framework\web\CController.php(308): CInlineAction->runWithParams(Array)
#6 L:\home\skydoor.net\www\framework\web\CController.php(286): CController->runAction(Object(CInlineAction))
#7 L:\home\skydoor.net\www\framework\web\CController.php(265): CController->runActionWithFilters(Object(CInlineAction), Array)
#8 L:\home\skydoor.net\www\framework\web\CWebApplication.php(282): CController->run('')
#9 L:\home\skydoor.net\www\framework\web\CWebApplication.php(141): CWebApplication->runController('')
#10 L:\home\skydoor.net\www\framework\base\CApplication.php(180): CWebApplication->processRequest()
#11 L:\home\skydoor.net\www\index.php(13): CApplication->run()
#12 {main}
REQUEST_URI=/3rjg2d
---
2014/04/09 07:04:29 [error] [system.db.CDbCommand] CDbCommand::fetch() failed: SQLSTATE[42S22]: Column not found: 1054 Unknown column '3rjg2d' in 'where clause'. The SQL statement executed was: SELECT * FROM `links` `t` WHERE surl=3rjg2d LIMIT 1.
in L:\home\skydoor.net\www\protected\controllers\SiteController.php (34)
in L:\home\skydoor.net\www\index.php (13)
2014/04/09 07:04:29 [error] [exception.CDbException] exception 'CDbException' with message 'CDbCommand failed to execute the SQL statement: SQLSTATE[42S22]: Column not found: 1054 Unknown column '3rjg2d' in 'where clause'. The SQL statement executed was: SELECT * FROM `links` `t` WHERE surl=3rjg2d LIMIT 1' in L:\home\skydoor.net\www\framework\db\CDbCommand.php:543
Stack trace:
#0 L:\home\skydoor.net\www\framework\db\CDbCommand.php(415): CDbCommand->queryInternal('fetch', Array, Array)
#1 L:\home\skydoor.net\www\framework\db\ar\CActiveRecord.php(1351): CDbCommand->queryRow()
#2 L:\home\skydoor.net\www\framework\db\ar\CActiveRecord.php(1456): CActiveRecord->query(Object(CDbCriteria))
#3 L:\home\skydoor.net\www\protected\controllers\SiteController.php(34): CActiveRecord->find('surl=3rjg2d')
#4 L:\home\skydoor.net\www\framework\web\actions\CInlineAction.php(49): SiteController->actionIndex()
#5 L:\home\skydoor.net\www\framework\web\CController.php(308): CInlineAction->runWithParams(Array)
#6 L:\home\skydoor.net\www\framework\web\CController.php(286): CController->runAction(Object(CInlineAction))
#7 L:\home\skydoor.net\www\framework\web\CController.php(265): CController->runActionWithFilters(Object(CInlineAction), Array)
#8 L:\home\skydoor.net\www\framework\web\CWebApplication.php(282): CController->run('')
#9 L:\home\skydoor.net\www\framework\web\CWebApplication.php(141): CWebApplication->runController('')
#10 L:\home\skydoor.net\www\framework\base\CApplication.php(180): CWebApplication->processRequest()
#11 L:\home\skydoor.net\www\index.php(13): CApplication->run()
#12 {main}
REQUEST_URI=/3rjg2d
---
2014/04/09 07:04:55 [error] [exception.CException] exception 'CException' with message 'Property "Links.title" is not defined.' in L:\home\skydoor.net\www\framework\base\CComponent.php:130
Stack trace:
#0 L:\home\skydoor.net\www\framework\db\ar\CActiveRecord.php(145): CComponent->__get('title')
#1 L:\home\skydoor.net\www\protected\controllers\SiteController.php(36): CActiveRecord->__get('title')
#2 L:\home\skydoor.net\www\framework\web\actions\CInlineAction.php(49): SiteController->actionIndex()
#3 L:\home\skydoor.net\www\framework\web\CController.php(308): CInlineAction->runWithParams(Array)
#4 L:\home\skydoor.net\www\framework\web\CController.php(286): CController->runAction(Object(CInlineAction))
#5 L:\home\skydoor.net\www\framework\web\CController.php(265): CController->runActionWithFilters(Object(CInlineAction), Array)
#6 L:\home\skydoor.net\www\framework\web\CWebApplication.php(282): CController->run('')
#7 L:\home\skydoor.net\www\framework\web\CWebApplication.php(141): CWebApplication->runController('')
#8 L:\home\skydoor.net\www\framework\base\CApplication.php(180): CWebApplication->processRequest()
#9 L:\home\skydoor.net\www\index.php(13): CApplication->run()
#10 {main}
REQUEST_URI=/3rjg2d
---
2014/04/09 07:04:57 [error] [exception.CException] exception 'CException' with message 'Property "Links.title" is not defined.' in L:\home\skydoor.net\www\framework\base\CComponent.php:130
Stack trace:
#0 L:\home\skydoor.net\www\framework\db\ar\CActiveRecord.php(145): CComponent->__get('title')
#1 L:\home\skydoor.net\www\protected\controllers\SiteController.php(36): CActiveRecord->__get('title')
#2 L:\home\skydoor.net\www\framework\web\actions\CInlineAction.php(49): SiteController->actionIndex()
#3 L:\home\skydoor.net\www\framework\web\CController.php(308): CInlineAction->runWithParams(Array)
#4 L:\home\skydoor.net\www\framework\web\CController.php(286): CController->runAction(Object(CInlineAction))
#5 L:\home\skydoor.net\www\framework\web\CController.php(265): CController->runActionWithFilters(Object(CInlineAction), Array)
#6 L:\home\skydoor.net\www\framework\web\CWebApplication.php(282): CController->run('')
#7 L:\home\skydoor.net\www\framework\web\CWebApplication.php(141): CWebApplication->runController('')
#8 L:\home\skydoor.net\www\framework\base\CApplication.php(180): CWebApplication->processRequest()
#9 L:\home\skydoor.net\www\index.php(13): CApplication->run()
#10 {main}
REQUEST_URI=/3rjg2d
---
2014/04/09 07:05:33 [error] [exception.CException] exception 'CException' with message 'Property "Links.title" is not defined.' in L:\home\skydoor.net\www\framework\base\CComponent.php:130
Stack trace:
#0 L:\home\skydoor.net\www\framework\db\ar\CActiveRecord.php(145): CComponent->__get('title')
#1 L:\home\skydoor.net\www\protected\controllers\SiteController.php(36): CActiveRecord->__get('title')
#2 L:\home\skydoor.net\www\framework\web\actions\CInlineAction.php(49): SiteController->actionIndex()
#3 L:\home\skydoor.net\www\framework\web\CController.php(308): CInlineAction->runWithParams(Array)
#4 L:\home\skydoor.net\www\framework\web\CController.php(286): CController->runAction(Object(CInlineAction))
#5 L:\home\skydoor.net\www\framework\web\CController.php(265): CController->runActionWithFilters(Object(CInlineAction), Array)
#6 L:\home\skydoor.net\www\framework\web\CWebApplication.php(282): CController->run('')
#7 L:\home\skydoor.net\www\framework\web\CWebApplication.php(141): CWebApplication->runController('')
#8 L:\home\skydoor.net\www\framework\base\CApplication.php(180): CWebApplication->processRequest()
#9 L:\home\skydoor.net\www\index.php(13): CApplication->run()
#10 {main}
REQUEST_URI=/3rjg2d
---
2014/04/09 07:06:49 [error] [exception.CException] exception 'CException' with message 'Property "Links.title" is not defined.' in L:\home\skydoor.net\www\framework\base\CComponent.php:130
Stack trace:
#0 L:\home\skydoor.net\www\framework\db\ar\CActiveRecord.php(145): CComponent->__get('title')
#1 L:\home\skydoor.net\www\protected\controllers\SiteController.php(36): CActiveRecord->__get('title')
#2 L:\home\skydoor.net\www\framework\web\actions\CInlineAction.php(49): SiteController->actionIndex()
#3 L:\home\skydoor.net\www\framework\web\CController.php(308): CInlineAction->runWithParams(Array)
#4 L:\home\skydoor.net\www\framework\web\CController.php(286): CController->runAction(Object(CInlineAction))
#5 L:\home\skydoor.net\www\framework\web\CController.php(265): CController->runActionWithFilters(Object(CInlineAction), Array)
#6 L:\home\skydoor.net\www\framework\web\CWebApplication.php(282): CController->run('')
#7 L:\home\skydoor.net\www\framework\web\CWebApplication.php(141): CWebApplication->runController('')
#8 L:\home\skydoor.net\www\framework\base\CApplication.php(180): CWebApplication->processRequest()
#9 L:\home\skydoor.net\www\index.php(13): CApplication->run()
#10 {main}
REQUEST_URI=/3rjg2d
---
2014/04/09 07:14:50 [error] [php] mysql_fetch_array() expects parameter 1 to be resource, boolean given (L:\home\skydoor.net\www\protected\models\Links.php:114)
Stack trace:
#0 L:\home\skydoor.net\www\protected\controllers\SiteController.php(33): Links->setURL()
#1 L:\home\skydoor.net\www\framework\web\actions\CInlineAction.php(49): SiteController->actionIndex()
#2 L:\home\skydoor.net\www\framework\web\CController.php(308): CInlineAction->runWithParams()
#3 L:\home\skydoor.net\www\framework\web\CController.php(286): SiteController->runAction()
#4 L:\home\skydoor.net\www\framework\web\CController.php(265): SiteController->runActionWithFilters()
#5 L:\home\skydoor.net\www\framework\web\CWebApplication.php(282): SiteController->run()
#6 L:\home\skydoor.net\www\framework\web\CWebApplication.php(141): CWebApplication->runController()
#7 L:\home\skydoor.net\www\framework\base\CApplication.php(180): CWebApplication->processRequest()
#8 L:\home\skydoor.net\www\index.php(13): CWebApplication->run()
REQUEST_URI=/3rjg2d
in L:\home\skydoor.net\www\protected\models\Links.php (114)
in L:\home\skydoor.net\www\protected\models\Links.php (27)
in L:\home\skydoor.net\www\protected\controllers\SiteController.php (33)
2014/04/09 07:15:57 [error] [php] mysql_num_rows() expects parameter 1 to be resource, boolean given (L:\home\skydoor.net\www\protected\models\Links.php:114)
Stack trace:
#0 L:\home\skydoor.net\www\protected\controllers\SiteController.php(33): Links->setURL()
#1 L:\home\skydoor.net\www\framework\web\actions\CInlineAction.php(49): SiteController->actionIndex()
#2 L:\home\skydoor.net\www\framework\web\CController.php(308): CInlineAction->runWithParams()
#3 L:\home\skydoor.net\www\framework\web\CController.php(286): SiteController->runAction()
#4 L:\home\skydoor.net\www\framework\web\CController.php(265): SiteController->runActionWithFilters()
#5 L:\home\skydoor.net\www\framework\web\CWebApplication.php(282): SiteController->run()
#6 L:\home\skydoor.net\www\framework\web\CWebApplication.php(141): CWebApplication->runController()
#7 L:\home\skydoor.net\www\framework\base\CApplication.php(180): CWebApplication->processRequest()
#8 L:\home\skydoor.net\www\index.php(13): CWebApplication->run()
REQUEST_URI=/3rjg2d
in L:\home\skydoor.net\www\protected\models\Links.php (114)
in L:\home\skydoor.net\www\protected\models\Links.php (27)
in L:\home\skydoor.net\www\protected\controllers\SiteController.php (33)
2014/04/09 07:16:12 [error] [php] mysql_num_rows() expects parameter 1 to be resource, boolean given (L:\home\skydoor.net\www\protected\models\Links.php:114)
Stack trace:
#0 L:\home\skydoor.net\www\protected\controllers\SiteController.php(33): Links->setURL()
#1 L:\home\skydoor.net\www\framework\web\actions\CInlineAction.php(49): SiteController->actionIndex()
#2 L:\home\skydoor.net\www\framework\web\CController.php(308): CInlineAction->runWithParams()
#3 L:\home\skydoor.net\www\framework\web\CController.php(286): SiteController->runAction()
#4 L:\home\skydoor.net\www\framework\web\CController.php(265): SiteController->runActionWithFilters()
#5 L:\home\skydoor.net\www\framework\web\CWebApplication.php(282): SiteController->run()
#6 L:\home\skydoor.net\www\framework\web\CWebApplication.php(141): CWebApplication->runController()
#7 L:\home\skydoor.net\www\framework\base\CApplication.php(180): CWebApplication->processRequest()
#8 L:\home\skydoor.net\www\index.php(13): CWebApplication->run()
REQUEST_URI=/3rjg2d
in L:\home\skydoor.net\www\protected\models\Links.php (114)
in L:\home\skydoor.net\www\protected\models\Links.php (27)
in L:\home\skydoor.net\www\protected\controllers\SiteController.php (33)
2014/04/09 07:18:56 [error] [php] mysql_num_rows() expects parameter 1 to be resource, boolean given (L:\home\skydoor.net\www\protected\models\Links.php:114)
Stack trace:
#0 L:\home\skydoor.net\www\protected\controllers\SiteController.php(33): Links->setURL()
#1 L:\home\skydoor.net\www\framework\web\actions\CInlineAction.php(49): SiteController->actionIndex()
#2 L:\home\skydoor.net\www\framework\web\CController.php(308): CInlineAction->runWithParams()
#3 L:\home\skydoor.net\www\framework\web\CController.php(286): SiteController->runAction()
#4 L:\home\skydoor.net\www\framework\web\CController.php(265): SiteController->runActionWithFilters()
#5 L:\home\skydoor.net\www\framework\web\CWebApplication.php(282): SiteController->run()
#6 L:\home\skydoor.net\www\framework\web\CWebApplication.php(141): CWebApplication->runController()
#7 L:\home\skydoor.net\www\framework\base\CApplication.php(180): CWebApplication->processRequest()
#8 L:\home\skydoor.net\www\index.php(13): CWebApplication->run()
REQUEST_URI=/3rjg2d
in L:\home\skydoor.net\www\protected\models\Links.php (114)
in L:\home\skydoor.net\www\protected\models\Links.php (27)
in L:\home\skydoor.net\www\protected\controllers\SiteController.php (33)
2014/04/09 07:18:57 [error] [php] mysql_num_rows() expects parameter 1 to be resource, boolean given (L:\home\skydoor.net\www\protected\models\Links.php:114)
Stack trace:
#0 L:\home\skydoor.net\www\protected\controllers\SiteController.php(33): Links->setURL()
#1 L:\home\skydoor.net\www\framework\web\actions\CInlineAction.php(49): SiteController->actionIndex()
#2 L:\home\skydoor.net\www\framework\web\CController.php(308): CInlineAction->runWithParams()
#3 L:\home\skydoor.net\www\framework\web\CController.php(286): SiteController->runAction()
#4 L:\home\skydoor.net\www\framework\web\CController.php(265): SiteController->runActionWithFilters()
#5 L:\home\skydoor.net\www\framework\web\CWebApplication.php(282): SiteController->run()
#6 L:\home\skydoor.net\www\framework\web\CWebApplication.php(141): CWebApplication->runController()
#7 L:\home\skydoor.net\www\framework\base\CApplication.php(180): CWebApplication->processRequest()
#8 L:\home\skydoor.net\www\index.php(13): CWebApplication->run()
REQUEST_URI=/3rjg2d
in L:\home\skydoor.net\www\protected\models\Links.php (114)
in L:\home\skydoor.net\www\protected\models\Links.php (27)
in L:\home\skydoor.net\www\protected\controllers\SiteController.php (33)
2014/04/09 07:19:51 [error] [php] mysql_num_rows() expects parameter 1 to be resource, boolean given (L:\home\skydoor.net\www\protected\models\Links.php:114)
Stack trace:
#0 L:\home\skydoor.net\www\protected\controllers\SiteController.php(33): Links->setURL()
#1 L:\home\skydoor.net\www\framework\web\actions\CInlineAction.php(49): SiteController->actionIndex()
#2 L:\home\skydoor.net\www\framework\web\CController.php(308): CInlineAction->runWithParams()
#3 L:\home\skydoor.net\www\framework\web\CController.php(286): SiteController->runAction()
#4 L:\home\skydoor.net\www\framework\web\CController.php(265): SiteController->runActionWithFilters()
#5 L:\home\skydoor.net\www\framework\web\CWebApplication.php(282): SiteController->run()
#6 L:\home\skydoor.net\www\framework\web\CWebApplication.php(141): CWebApplication->runController()
#7 L:\home\skydoor.net\www\framework\base\CApplication.php(180): CWebApplication->processRequest()
#8 L:\home\skydoor.net\www\index.php(13): CWebApplication->run()
REQUEST_URI=/r3jF9U
in L:\home\skydoor.net\www\protected\models\Links.php (114)
in L:\home\skydoor.net\www\protected\models\Links.php (27)
in L:\home\skydoor.net\www\protected\controllers\SiteController.php (33)
2014/04/09 07:19:55 [error] [php] mysql_num_rows() expects parameter 1 to be resource, boolean given (L:\home\skydoor.net\www\protected\models\Links.php:114)
Stack trace:
#0 L:\home\skydoor.net\www\protected\controllers\SiteController.php(33): Links->setURL()
#1 L:\home\skydoor.net\www\framework\web\actions\CInlineAction.php(49): SiteController->actionIndex()
#2 L:\home\skydoor.net\www\framework\web\CController.php(308): CInlineAction->runWithParams()
#3 L:\home\skydoor.net\www\framework\web\CController.php(286): SiteController->runAction()
#4 L:\home\skydoor.net\www\framework\web\CController.php(265): SiteController->runActionWithFilters()
#5 L:\home\skydoor.net\www\framework\web\CWebApplication.php(282): SiteController->run()
#6 L:\home\skydoor.net\www\framework\web\CWebApplication.php(141): CWebApplication->runController()
#7 L:\home\skydoor.net\www\framework\base\CApplication.php(180): CWebApplication->processRequest()
#8 L:\home\skydoor.net\www\index.php(13): CWebApplication->run()
REQUEST_URI=/r3jF9U
in L:\home\skydoor.net\www\protected\models\Links.php (114)
in L:\home\skydoor.net\www\protected\models\Links.php (27)
in L:\home\skydoor.net\www\protected\controllers\SiteController.php (33)
2014/04/09 07:20:32 [error] [php] mysql_num_rows() expects parameter 1 to be resource, boolean given (L:\home\skydoor.net\www\protected\models\Links.php:117)
Stack trace:
#0 L:\home\skydoor.net\www\protected\controllers\SiteController.php(33): Links->setURL()
#1 L:\home\skydoor.net\www\framework\web\actions\CInlineAction.php(49): SiteController->actionIndex()
#2 L:\home\skydoor.net\www\framework\web\CController.php(308): CInlineAction->runWithParams()
#3 L:\home\skydoor.net\www\framework\web\CController.php(286): SiteController->runAction()
#4 L:\home\skydoor.net\www\framework\web\CController.php(265): SiteController->runActionWithFilters()
#5 L:\home\skydoor.net\www\framework\web\CWebApplication.php(282): SiteController->run()
#6 L:\home\skydoor.net\www\framework\web\CWebApplication.php(141): CWebApplication->runController()
#7 L:\home\skydoor.net\www\framework\base\CApplication.php(180): CWebApplication->processRequest()
#8 L:\home\skydoor.net\www\index.php(13): CWebApplication->run()
REQUEST_URI=/r3jF9U
in L:\home\skydoor.net\www\protected\models\Links.php (117)
in L:\home\skydoor.net\www\protected\models\Links.php (27)
in L:\home\skydoor.net\www\protected\controllers\SiteController.php (33)
2014/04/09 07:20:33 [error] [php] mysql_num_rows() expects parameter 1 to be resource, boolean given (L:\home\skydoor.net\www\protected\models\Links.php:117)
Stack trace:
#0 L:\home\skydoor.net\www\protected\controllers\SiteController.php(33): Links->setURL()
#1 L:\home\skydoor.net\www\framework\web\actions\CInlineAction.php(49): SiteController->actionIndex()
#2 L:\home\skydoor.net\www\framework\web\CController.php(308): CInlineAction->runWithParams()
#3 L:\home\skydoor.net\www\framework\web\CController.php(286): SiteController->runAction()
#4 L:\home\skydoor.net\www\framework\web\CController.php(265): SiteController->runActionWithFilters()
#5 L:\home\skydoor.net\www\framework\web\CWebApplication.php(282): SiteController->run()
#6 L:\home\skydoor.net\www\framework\web\CWebApplication.php(141): CWebApplication->runController()
#7 L:\home\skydoor.net\www\framework\base\CApplication.php(180): CWebApplication->processRequest()
#8 L:\home\skydoor.net\www\index.php(13): CWebApplication->run()
REQUEST_URI=/r3jF9U
in L:\home\skydoor.net\www\protected\models\Links.php (117)
in L:\home\skydoor.net\www\protected\models\Links.php (27)
in L:\home\skydoor.net\www\protected\controllers\SiteController.php (33)
2014/04/09 07:20:38 [error] [php] mysql_num_rows() expects parameter 1 to be resource, boolean given (L:\home\skydoor.net\www\protected\models\Links.php:117)
Stack trace:
#0 L:\home\skydoor.net\www\protected\controllers\SiteController.php(33): Links->setURL()
#1 L:\home\skydoor.net\www\framework\web\actions\CInlineAction.php(49): SiteController->actionIndex()
#2 L:\home\skydoor.net\www\framework\web\CController.php(308): CInlineAction->runWithParams()
#3 L:\home\skydoor.net\www\framework\web\CController.php(286): SiteController->runAction()
#4 L:\home\skydoor.net\www\framework\web\CController.php(265): SiteController->runActionWithFilters()
#5 L:\home\skydoor.net\www\framework\web\CWebApplication.php(282): SiteController->run()
#6 L:\home\skydoor.net\www\framework\web\CWebApplication.php(141): CWebApplication->runController()
#7 L:\home\skydoor.net\www\framework\base\CApplication.php(180): CWebApplication->processRequest()
#8 L:\home\skydoor.net\www\index.php(13): CWebApplication->run()
REQUEST_URI=/r3jF9U
in L:\home\skydoor.net\www\protected\models\Links.php (117)
in L:\home\skydoor.net\www\protected\models\Links.php (27)
in L:\home\skydoor.net\www\protected\controllers\SiteController.php (33)
2014/04/09 07:20:41 [error] [php] mysql_num_rows() expects parameter 1 to be resource, boolean given (L:\home\skydoor.net\www\protected\models\Links.php:117)
Stack trace:
#0 L:\home\skydoor.net\www\protected\controllers\SiteController.php(33): Links->setURL()
#1 L:\home\skydoor.net\www\framework\web\actions\CInlineAction.php(49): SiteController->actionIndex()
#2 L:\home\skydoor.net\www\framework\web\CController.php(308): CInlineAction->runWithParams()
#3 L:\home\skydoor.net\www\framework\web\CController.php(286): SiteController->runAction()
#4 L:\home\skydoor.net\www\framework\web\CController.php(265): SiteController->runActionWithFilters()
#5 L:\home\skydoor.net\www\framework\web\CWebApplication.php(282): SiteController->run()
#6 L:\home\skydoor.net\www\framework\web\CWebApplication.php(141): CWebApplication->runController()
#7 L:\home\skydoor.net\www\framework\base\CApplication.php(180): CWebApplication->processRequest()
#8 L:\home\skydoor.net\www\index.php(13): CWebApplication->run()
REQUEST_URI=/3rjg2d
in L:\home\skydoor.net\www\protected\models\Links.php (117)
in L:\home\skydoor.net\www\protected\models\Links.php (27)
in L:\home\skydoor.net\www\protected\controllers\SiteController.php (33)
2014/04/09 07:21:56 [error] [php] mysql_num_rows() expects parameter 1 to be resource, boolean given (L:\home\skydoor.net\www\protected\models\Links.php:117)
Stack trace:
#0 L:\home\skydoor.net\www\protected\controllers\SiteController.php(33): Links->setURL()
#1 L:\home\skydoor.net\www\framework\web\actions\CInlineAction.php(49): SiteController->actionIndex()
#2 L:\home\skydoor.net\www\framework\web\CController.php(308): CInlineAction->runWithParams()
#3 L:\home\skydoor.net\www\framework\web\CController.php(286): SiteController->runAction()
#4 L:\home\skydoor.net\www\framework\web\CController.php(265): SiteController->runActionWithFilters()
#5 L:\home\skydoor.net\www\framework\web\CWebApplication.php(282): SiteController->run()
#6 L:\home\skydoor.net\www\framework\web\CWebApplication.php(141): CWebApplication->runController()
#7 L:\home\skydoor.net\www\framework\base\CApplication.php(180): CWebApplication->processRequest()
#8 L:\home\skydoor.net\www\index.php(13): CWebApplication->run()
REQUEST_URI=/r3jF9U
in L:\home\skydoor.net\www\protected\models\Links.php (117)
in L:\home\skydoor.net\www\protected\models\Links.php (27)
in L:\home\skydoor.net\www\protected\controllers\SiteController.php (33)
2014/04/09 07:23:43 [error] [php] mysql_num_rows() expects parameter 1 to be resource, boolean given (L:\home\skydoor.net\www\protected\models\Links.php:117)
Stack trace:
#0 L:\home\skydoor.net\www\protected\controllers\SiteController.php(33): Links->setURL()
#1 L:\home\skydoor.net\www\framework\web\actions\CInlineAction.php(49): SiteController->actionIndex()
#2 L:\home\skydoor.net\www\framework\web\CController.php(308): CInlineAction->runWithParams()
#3 L:\home\skydoor.net\www\framework\web\CController.php(286): SiteController->runAction()
#4 L:\home\skydoor.net\www\framework\web\CController.php(265): SiteController->runActionWithFilters()
#5 L:\home\skydoor.net\www\framework\web\CWebApplication.php(282): SiteController->run()
#6 L:\home\skydoor.net\www\framework\web\CWebApplication.php(141): CWebApplication->runController()
#7 L:\home\skydoor.net\www\framework\base\CApplication.php(180): CWebApplication->processRequest()
#8 L:\home\skydoor.net\www\index.php(13): CWebApplication->run()
REQUEST_URI=/r3jF9U
in L:\home\skydoor.net\www\protected\models\Links.php (117)
in L:\home\skydoor.net\www\protected\models\Links.php (27)
in L:\home\skydoor.net\www\protected\controllers\SiteController.php (33)
2014/04/09 07:23:45 [error] [php] mysql_num_rows() expects parameter 1 to be resource, boolean given (L:\home\skydoor.net\www\protected\models\Links.php:117)
Stack trace:
#0 L:\home\skydoor.net\www\protected\controllers\SiteController.php(33): Links->setURL()
#1 L:\home\skydoor.net\www\framework\web\actions\CInlineAction.php(49): SiteController->actionIndex()
#2 L:\home\skydoor.net\www\framework\web\CController.php(308): CInlineAction->runWithParams()
#3 L:\home\skydoor.net\www\framework\web\CController.php(286): SiteController->runAction()
#4 L:\home\skydoor.net\www\framework\web\CController.php(265): SiteController->runActionWithFilters()
#5 L:\home\skydoor.net\www\framework\web\CWebApplication.php(282): SiteController->run()
#6 L:\home\skydoor.net\www\framework\web\CWebApplication.php(141): CWebApplication->runController()
#7 L:\home\skydoor.net\www\framework\base\CApplication.php(180): CWebApplication->processRequest()
#8 L:\home\skydoor.net\www\index.php(13): CWebApplication->run()
REQUEST_URI=/r3jF9U
in L:\home\skydoor.net\www\protected\models\Links.php (117)
in L:\home\skydoor.net\www\protected\models\Links.php (27)
in L:\home\skydoor.net\www\protected\controllers\SiteController.php (33)
2014/04/09 07:23:46 [error] [php] mysql_num_rows() expects parameter 1 to be resource, boolean given (L:\home\skydoor.net\www\protected\models\Links.php:117)
Stack trace:
#0 L:\home\skydoor.net\www\protected\controllers\SiteController.php(33): Links->setURL()
#1 L:\home\skydoor.net\www\framework\web\actions\CInlineAction.php(49): SiteController->actionIndex()
#2 L:\home\skydoor.net\www\framework\web\CController.php(308): CInlineAction->runWithParams()
#3 L:\home\skydoor.net\www\framework\web\CController.php(286): SiteController->runAction()
#4 L:\home\skydoor.net\www\framework\web\CController.php(265): SiteController->runActionWithFilters()
#5 L:\home\skydoor.net\www\framework\web\CWebApplication.php(282): SiteController->run()
#6 L:\home\skydoor.net\www\framework\web\CWebApplication.php(141): CWebApplication->runController()
#7 L:\home\skydoor.net\www\framework\base\CApplication.php(180): CWebApplication->processRequest()
#8 L:\home\skydoor.net\www\index.php(13): CWebApplication->run()
REQUEST_URI=/r3jF9U
in L:\home\skydoor.net\www\protected\models\Links.php (117)
in L:\home\skydoor.net\www\protected\models\Links.php (27)
in L:\home\skydoor.net\www\protected\controllers\SiteController.php (33)
2014/04/09 07:29:11 [error] [php] mysql_num_rows() expects parameter 1 to be resource, boolean given (L:\home\skydoor.net\www\protected\models\Links.php:118)
Stack trace:
#0 L:\home\skydoor.net\www\protected\controllers\SiteController.php(33): Links->setURL()
#1 L:\home\skydoor.net\www\framework\web\actions\CInlineAction.php(49): SiteController->actionIndex()
#2 L:\home\skydoor.net\www\framework\web\CController.php(308): CInlineAction->runWithParams()
#3 L:\home\skydoor.net\www\framework\web\CController.php(286): SiteController->runAction()
#4 L:\home\skydoor.net\www\framework\web\CController.php(265): SiteController->runActionWithFilters()
#5 L:\home\skydoor.net\www\framework\web\CWebApplication.php(282): SiteController->run()
#6 L:\home\skydoor.net\www\framework\web\CWebApplication.php(141): CWebApplication->runController()
#7 L:\home\skydoor.net\www\framework\base\CApplication.php(180): CWebApplication->processRequest()
#8 L:\home\skydoor.net\www\index.php(13): CWebApplication->run()
REQUEST_URI=/r3jF9U
in L:\home\skydoor.net\www\protected\models\Links.php (118)
in L:\home\skydoor.net\www\protected\models\Links.php (27)
in L:\home\skydoor.net\www\protected\controllers\SiteController.php (33)
2014/04/09 07:31:37 [error] [php] mysql_num_rows() expects parameter 1 to be resource, boolean given (L:\home\skydoor.net\www\protected\models\Links.php:118)
Stack trace:
#0 L:\home\skydoor.net\www\protected\controllers\SiteController.php(33): Links->setURL()
#1 L:\home\skydoor.net\www\framework\web\actions\CInlineAction.php(49): SiteController->actionIndex()
#2 L:\home\skydoor.net\www\framework\web\CController.php(308): CInlineAction->runWithParams()
#3 L:\home\skydoor.net\www\framework\web\CController.php(286): SiteController->runAction()
#4 L:\home\skydoor.net\www\framework\web\CController.php(265): SiteController->runActionWithFilters()
#5 L:\home\skydoor.net\www\framework\web\CWebApplication.php(282): SiteController->run()
#6 L:\home\skydoor.net\www\framework\web\CWebApplication.php(141): CWebApplication->runController()
#7 L:\home\skydoor.net\www\framework\base\CApplication.php(180): CWebApplication->processRequest()
#8 L:\home\skydoor.net\www\index.php(13): CWebApplication->run()
REQUEST_URI=/r3jF9U
in L:\home\skydoor.net\www\protected\models\Links.php (118)
in L:\home\skydoor.net\www\protected\models\Links.php (27)
in L:\home\skydoor.net\www\protected\controllers\SiteController.php (33)
2014/04/09 07:31:58 [error] [php] mysql_num_rows() expects parameter 1 to be resource, boolean given (L:\home\skydoor.net\www\protected\views\site\index.php:11)
Stack trace:
#0 L:\home\skydoor.net\www\framework\web\CBaseController.php(95): SiteController->renderInternal()
#1 L:\home\skydoor.net\www\framework\web\CController.php(869): SiteController->renderFile()
#2 L:\home\skydoor.net\www\framework\web\CController.php(782): SiteController->renderPartial()
#3 L:\home\skydoor.net\www\protected\controllers\SiteController.php(35): SiteController->render()
#4 L:\home\skydoor.net\www\framework\web\actions\CInlineAction.php(49): SiteController->actionIndex()
#5 L:\home\skydoor.net\www\framework\web\CController.php(308): CInlineAction->runWithParams()
#6 L:\home\skydoor.net\www\framework\web\CController.php(286): SiteController->runAction()
#7 L:\home\skydoor.net\www\framework\web\CController.php(265): SiteController->runActionWithFilters()
#8 L:\home\skydoor.net\www\framework\web\CWebApplication.php(282): SiteController->run()
#9 L:\home\skydoor.net\www\framework\web\CWebApplication.php(141): CWebApplication->runController()
#10 L:\home\skydoor.net\www\framework\base\CApplication.php(180): CWebApplication->processRequest()
#11 L:\home\skydoor.net\www\index.php(13): CWebApplication->run()
REQUEST_URI=/r3jF9U
in L:\home\skydoor.net\www\protected\views\site\index.php (11)
in L:\home\skydoor.net\www\protected\controllers\SiteController.php (35)
in L:\home\skydoor.net\www\index.php (13)
2014/04/09 07:32:13 [error] [php] mysql_num_rows() expects parameter 1 to be resource, boolean given (L:\home\skydoor.net\www\protected\views\site\index.php:11)
Stack trace:
#0 L:\home\skydoor.net\www\framework\web\CBaseController.php(95): SiteController->renderInternal()
#1 L:\home\skydoor.net\www\framework\web\CController.php(869): SiteController->renderFile()
#2 L:\home\skydoor.net\www\framework\web\CController.php(782): SiteController->renderPartial()
#3 L:\home\skydoor.net\www\protected\controllers\SiteController.php(35): SiteController->render()
#4 L:\home\skydoor.net\www\framework\web\actions\CInlineAction.php(49): SiteController->actionIndex()
#5 L:\home\skydoor.net\www\framework\web\CController.php(308): CInlineAction->runWithParams()
#6 L:\home\skydoor.net\www\framework\web\CController.php(286): SiteController->runAction()
#7 L:\home\skydoor.net\www\framework\web\CController.php(265): SiteController->runActionWithFilters()
#8 L:\home\skydoor.net\www\framework\web\CWebApplication.php(282): SiteController->run()
#9 L:\home\skydoor.net\www\framework\web\CWebApplication.php(141): CWebApplication->runController()
#10 L:\home\skydoor.net\www\framework\base\CApplication.php(180): CWebApplication->processRequest()
#11 L:\home\skydoor.net\www\index.php(13): CWebApplication->run()
REQUEST_URI=/r3jF9U
in L:\home\skydoor.net\www\protected\views\site\index.php (11)
in L:\home\skydoor.net\www\protected\controllers\SiteController.php (35)
in L:\home\skydoor.net\www\index.php (13)
2014/04/09 07:41:02 [error] [exception.CException] exception 'CException' with message 'Property "SiteController.url" is not defined.' in L:\home\skydoor.net\www\framework\base\CComponent.php:130
Stack trace:
#0 L:\home\skydoor.net\www\protected\views\site\index.php(11): CComponent->__get('url')
#1 L:\home\skydoor.net\www\framework\web\CBaseController.php(126): require('L:\home\skydoor...')
#2 L:\home\skydoor.net\www\framework\web\CBaseController.php(95): CBaseController->renderInternal('L:\home\skydoor...', NULL, true)
#3 L:\home\skydoor.net\www\framework\web\CController.php(869): CBaseController->renderFile('L:\home\skydoor...', NULL, true)
#4 L:\home\skydoor.net\www\framework\web\CController.php(782): CController->renderPartial('index', NULL, true)
#5 L:\home\skydoor.net\www\protected\controllers\SiteController.php(35): CController->render('index')
#6 L:\home\skydoor.net\www\framework\web\actions\CInlineAction.php(49): SiteController->actionIndex()
#7 L:\home\skydoor.net\www\framework\web\CController.php(308): CInlineAction->runWithParams(Array)
#8 L:\home\skydoor.net\www\framework\web\CController.php(286): CController->runAction(Object(CInlineAction))
#9 L:\home\skydoor.net\www\framework\web\CController.php(265): CController->runActionWithFilters(Object(CInlineAction), Array)
#10 L:\home\skydoor.net\www\framework\web\CWebApplication.php(282): CController->run('')
#11 L:\home\skydoor.net\www\framework\web\CWebApplication.php(141): CWebApplication->runController('')
#12 L:\home\skydoor.net\www\framework\base\CApplication.php(180): CWebApplication->processRequest()
#13 L:\home\skydoor.net\www\index.php(13): CApplication->run()
#14 {main}
REQUEST_URI=/432r
---
2014/04/09 07:41:04 [error] [exception.CException] exception 'CException' with message 'Property "SiteController.url" is not defined.' in L:\home\skydoor.net\www\framework\base\CComponent.php:130
Stack trace:
#0 L:\home\skydoor.net\www\protected\views\site\index.php(11): CComponent->__get('url')
#1 L:\home\skydoor.net\www\framework\web\CBaseController.php(126): require('L:\home\skydoor...')
#2 L:\home\skydoor.net\www\framework\web\CBaseController.php(95): CBaseController->renderInternal('L:\home\skydoor...', NULL, true)
#3 L:\home\skydoor.net\www\framework\web\CController.php(869): CBaseController->renderFile('L:\home\skydoor...', NULL, true)
#4 L:\home\skydoor.net\www\framework\web\CController.php(782): CController->renderPartial('index', NULL, true)
#5 L:\home\skydoor.net\www\protected\controllers\SiteController.php(35): CController->render('index')
#6 L:\home\skydoor.net\www\framework\web\actions\CInlineAction.php(49): SiteController->actionIndex()
#7 L:\home\skydoor.net\www\framework\web\CController.php(308): CInlineAction->runWithParams(Array)
#8 L:\home\skydoor.net\www\framework\web\CController.php(286): CController->runAction(Object(CInlineAction))
#9 L:\home\skydoor.net\www\framework\web\CController.php(265): CController->runActionWithFilters(Object(CInlineAction), Array)
#10 L:\home\skydoor.net\www\framework\web\CWebApplication.php(282): CController->run('')
#11 L:\home\skydoor.net\www\framework\web\CWebApplication.php(141): CWebApplication->runController('')
#12 L:\home\skydoor.net\www\framework\base\CApplication.php(180): CWebApplication->processRequest()
#13 L:\home\skydoor.net\www\index.php(13): CApplication->run()
#14 {main}
REQUEST_URI=/432r
---
